<?xml version="1.0" encoding="UTF-8"?>
<!-- Generated by org.testng.reporters.JUnitReportReporter -->
<testsuite skipped="0" hostname="LAPTOP-ORI8JR52" name="com.w2a.ZohoExtended.rough.TestCase2" tests="1" failures="0" timestamp="05 May 2020 07:49:59 GMT" time="41.570" errors="0">
  <testcase name="doLogin" time="41.570" classname="com.w2a.ZohoExtended.rough.TestCase2"/>
</testsuite> <!-- com.w2a.ZohoExtended.rough.TestCase2 -->
