<?xml version="1.0" encoding="UTF-8"?>
<!-- Generated by org.testng.reporters.JUnitReportReporter -->
<testsuite skipped="0" hostname="LAPTOP-ORI8JR52" name="com.w2a.ZohoExtended.testCases.LoginTest" tests="2" failures="0" timestamp="06 May 2020 07:43:47 GMT" time="56.726" errors="0">
  <testcase name="loginTest" time="27.943" classname="com.w2a.ZohoExtended.testCases.LoginTest"/>
  <testcase name="loginTest" time="28.783" classname="com.w2a.ZohoExtended.testCases.LoginTest"/>
</testsuite> <!-- com.w2a.ZohoExtended.testCases.LoginTest -->
