<?xml version="1.0" encoding="UTF-8"?>
<!-- Generated by org.testng.reporters.JUnitReportReporter -->
<testsuite skipped="0" hostname="LAPTOP-ORI8JR52" name="com.w2a.ZohoExtended.rough.TestCase1" tests="2" failures="0" timestamp="05 May 2020 10:07:38 GMT" time="180.630" errors="0">
  <testcase name="doLogin" time="92.276" classname="com.w2a.ZohoExtended.rough.TestCase1"/>
  <testcase name="doLogin" time="88.354" classname="com.w2a.ZohoExtended.rough.TestCase1"/>
</testsuite> <!-- com.w2a.ZohoExtended.rough.TestCase1 -->
